<?xml version="1.0" encoding="UTF-8"?>
<!-- Generated by org.testng.reporters.JUnitReportReporter -->
<testsuite hostname="DESKTOP-C1M01HP" failures="0" tests="1" name="test1.TC_login" time="19.488" errors="0" timestamp="2023-07-20T23:39:13 IST" skipped="0">
  <testcase classname="test1.TC_login" name="login_Test" time="19.488"/>
  <system-out/>
</testsuite> <!-- test1.TC_login -->
