<?xml version="1.0" encoding="UTF-8"?>
<!-- Generated by org.testng.reporters.JUnitReportReporter -->
<testsuite hostname="DESKTOP-C1M01HP" failures="0" tests="2" name="test1.Test_App" time="0.020" errors="0" timestamp="2023-07-20T23:39:13 IST" skipped="0">
  <testcase classname="test1.Test_App" name="testlogin1" time="0.017"/>
  <system-out/>
  <testcase classname="test1.Test_App" name="testlogin2" time="0.003"/>
  <system-out/>
</testsuite> <!-- test1.Test_App -->
